2019-08-05 22:27:04.5818 INFO 
2019-08-05 22:27:07.2463 INFO [
  {
    "Tasks": [],
    "ID": 1,
    "UserName": "Tushar",
    "Password": "Tushar@123",
    "Created_At": "2019-08-04T15:07:11.843",
    "Updated_At": "2019-08-04T15:07:11.843"
  }
]
2019-08-05 22:28:07.3422 INFO 
2019-08-05 22:31:42.4908 INFO 
2019-08-05 22:31:45.5829 INFO [
  {
    "Tasks": [],
    "ID": 1,
    "UserName": "Tushar",
    "Password": "Tushar@123",
    "Created_At": "2019-08-04T15:07:11.843",
    "Updated_At": "2019-08-04T15:07:11.843"
  }
]
