2019-08-09 00:08:51.6870|INFO|ToDo.WebAPI.Handler.LogRequestAndResponseHandler|
2019-08-09 00:08:51.8466|INFO|ToDo.WebAPI.Handler.LogRequestAndResponseHandler|{"firstName":"Tushar","lastName":"Nath","username":"Tusharknath","password":"Tushar"}
2019-08-09 00:11:56.7750|INFO|ToDo.WebAPI.Handler.LogRequestAndResponseHandler|
2019-08-09 00:11:56.9565|INFO|ToDo.WebAPI.Handler.LogRequestAndResponseHandler|{"firstName":"Tushar","lastName":"Nath","username":"Tusharknath","password":"Tushar"}
2019-08-09 00:14:10.0062|INFO|ToDo.WebAPI.Handler.LogRequestAndResponseHandler|{
  "ID": 2,
  "UserName": "Tusharknath",
  "Password": "Tushar",
  "Created_At": null,
  "Updated_At": null,
  "FirstName": "Tushar",
  "LastName": "Nath",
  "Tasks": []
}
2019-08-09 00:14:31.3482|INFO|ToDo.WebAPI.Handler.LogRequestAndResponseHandler|
2019-08-09 00:14:31.4370|INFO|ToDo.WebAPI.Handler.LogRequestAndResponseHandler|{"firstName":"Tushar","lastName":"Nath","username":"Tusharknath","password":"Tushar"}
2019-08-09 00:18:27.0254|INFO|ToDo.WebAPI.Handler.LogRequestAndResponseHandler|
2019-08-09 00:18:27.2179|INFO|ToDo.WebAPI.Handler.LogRequestAndResponseHandler|{"firstName":"Tushar","lastName":"Nath","username":"Tusharknath","password":"Tushar"}
2019-08-09 00:18:32.6400|INFO|ToDo.WebAPI.Handler.LogRequestAndResponseHandler|{
  "Message": "Username \"Tusharknath\" is already taken"
}
2019-08-09 00:18:38.0962|INFO|ToDo.WebAPI.Handler.LogRequestAndResponseHandler|
2019-08-09 00:18:38.1480|INFO|ToDo.WebAPI.Handler.LogRequestAndResponseHandler|{"firstName":"Tushar","lastName":"Nath","username":"Tusharknath","password":"Tushar"}
2019-08-09 00:18:56.7598|INFO|ToDo.WebAPI.Handler.LogRequestAndResponseHandler|{
  "Message": "Username \"Tusharknath\" is already taken"
}
2019-08-09 00:24:25.6949|INFO|ToDo.WebAPI.Handler.LogRequestAndResponseHandler|
2019-08-09 00:24:25.7557|INFO|ToDo.WebAPI.Handler.LogRequestAndResponseHandler|{"firstName":"Tushar","lastName":"Nath","username":"Tusharknath","password":"Tushar"}
2019-08-09 00:24:28.2427|INFO|ToDo.WebAPI.Handler.LogRequestAndResponseHandler|{
  "Message": "Username \"Tusharknath\" is already taken"
}
2019-08-09 00:25:03.9851|INFO|ToDo.WebAPI.Handler.LogRequestAndResponseHandler|
2019-08-09 00:25:04.0110|INFO|ToDo.WebAPI.Handler.LogRequestAndResponseHandler|{"username":"Test1","password":"Test1"}
2019-08-09 00:25:19.2756|INFO|ToDo.WebAPI.Handler.LogRequestAndResponseHandler|
2019-08-09 00:25:19.2996|INFO|ToDo.WebAPI.Handler.LogRequestAndResponseHandler|{"username":"Test1","password":"Test1"}
2019-08-09 00:26:00.4359|INFO|ToDo.WebAPI.Handler.LogRequestAndResponseHandler|
2019-08-09 00:26:00.4678|INFO|ToDo.WebAPI.Handler.LogRequestAndResponseHandler|{"firstName":"Tushar","lastName":"Tushar","username":"Tushar","password":"Tushar"}
2019-08-09 00:26:04.4409|INFO|ToDo.WebAPI.Handler.LogRequestAndResponseHandler|{
  "Message": "Username \"Tushar\" is already taken"
}
2019-08-09 00:38:10.9791|INFO|ToDo.WebAPI.Handler.LogRequestAndResponseHandler|
2019-08-09 00:38:11.0399|INFO|ToDo.WebAPI.Handler.LogRequestAndResponseHandler|{"firstName":"Tushar","lastName":"Tushar","username":"Tushar","password":"Tushar"}
2019-08-09 00:38:13.2788|INFO|ToDo.WebAPI.Handler.LogRequestAndResponseHandler|{
  "Message": "ToDo.WebAPI.Controllers.UserController+message"
}
2019-08-09 00:39:18.4141|INFO|ToDo.WebAPI.Handler.LogRequestAndResponseHandler|
2019-08-09 00:39:18.4441|INFO|ToDo.WebAPI.Handler.LogRequestAndResponseHandler|{"firstName":"Tushar","lastName":"Tushar","username":"Tushar","password":"Tushar"}
2019-08-09 00:39:23.4675|INFO|ToDo.WebAPI.Handler.LogRequestAndResponseHandler|{
  "Message": "ToDo.WebAPI.Controllers.UserController+message"
}
2019-08-09 00:42:54.3638|INFO|ToDo.WebAPI.Handler.LogRequestAndResponseHandler|
2019-08-09 00:42:54.4206|INFO|ToDo.WebAPI.Handler.LogRequestAndResponseHandler|{"firstName":"Tushar","lastName":"Tushar","username":"Tushar","password":"Tushar"}
2019-08-09 00:42:54.8804|INFO|ToDo.WebAPI.Handler.LogRequestAndResponseHandler|{
  "Message": "{ message = Username \"Tushar\" is already taken }"
}
2019-08-09 08:53:22.5458|INFO|ToDo.WebAPI.Handler.LogRequestAndResponseHandler|
2019-08-09 08:53:23.0540|INFO|ToDo.WebAPI.Handler.LogRequestAndResponseHandler|{"firstName":"Tushar","lastName":"Nath","username":"Tushar","password":"Tushar@123"}
2019-08-09 08:53:24.6821|INFO|ToDo.WebAPI.Handler.LogRequestAndResponseHandler|{
  "Message": "{ message = Username \"Tushar\" is already taken }"
}
2019-08-09 09:12:58.6733|INFO|ToDo.WebAPI.Handler.LogRequestAndResponseHandler|
2019-08-09 09:12:58.8658|INFO|ToDo.WebAPI.Handler.LogRequestAndResponseHandler|{"username":"tushar","password":"Tushar@123"}
2019-08-09 09:13:16.2704|INFO|ToDo.WebAPI.Handler.LogRequestAndResponseHandler|{
  "Tasks": [],
  "ID": 1,
  "UserName": "Tushar",
  "Password": null,
  "Created_At": null,
  "Updated_At": null,
  "FirstName": "Tushar",
  "LastName": "Nath"
}
2019-08-09 09:26:52.6062|INFO|ToDo.WebAPI.Handler.LogRequestAndResponseHandler|
2019-08-09 09:26:52.7638|INFO|ToDo.WebAPI.Handler.LogRequestAndResponseHandler|{
  "Message": "No HTTP resource was found that matches the request URI 'http://localhost:49992/user/authenticate'.",
  "MessageDetail": "No action was found on the controller 'User' that matches the request."
}
2019-08-09 09:29:37.3746|INFO|ToDo.WebAPI.Handler.LogRequestAndResponseHandler|
2019-08-09 09:29:37.4624|INFO|ToDo.WebAPI.Handler.LogRequestAndResponseHandler|{"username":"tushar","password":"Tushar@123"}
2019-08-09 09:29:40.3565|INFO|ToDo.WebAPI.Handler.LogRequestAndResponseHandler|{
  "Tasks": [],
  "ID": 1,
  "UserName": "Tushar",
  "Password": null,
  "Created_At": null,
  "Updated_At": null,
  "FirstName": "Tushar",
  "LastName": "Nath"
}
2019-08-09 09:31:04.1013|INFO|ToDo.WebAPI.Handler.LogRequestAndResponseHandler|
2019-08-09 09:31:04.1831|INFO|ToDo.WebAPI.Handler.LogRequestAndResponseHandler|{"username":"tushar","password":"tushar"}
2019-08-09 09:31:14.7620|INFO|ToDo.WebAPI.Handler.LogRequestAndResponseHandler|
2019-08-09 09:31:14.7869|INFO|ToDo.WebAPI.Handler.LogRequestAndResponseHandler|{"username":"tushar","password":"tushar@123"}
2019-08-09 09:31:15.9179|INFO|ToDo.WebAPI.Handler.LogRequestAndResponseHandler|{
  "Tasks": [],
  "ID": 1,
  "UserName": "Tushar",
  "Password": null,
  "Created_At": null,
  "Updated_At": null,
  "FirstName": "Tushar",
  "LastName": "Nath"
}
2019-08-09 09:31:37.1887|INFO|ToDo.WebAPI.Handler.LogRequestAndResponseHandler|
2019-08-09 09:31:37.2116|INFO|ToDo.WebAPI.Handler.LogRequestAndResponseHandler|{"username":"Tushar","password":"Tushar@123"}
2019-08-09 09:31:39.0547|INFO|ToDo.WebAPI.Handler.LogRequestAndResponseHandler|{
  "Tasks": [],
  "ID": 1,
  "UserName": "Tushar",
  "Password": null,
  "Created_At": null,
  "Updated_At": null,
  "FirstName": "Tushar",
  "LastName": "Nath"
}
2019-08-09 10:57:49.5263|INFO|ToDo.WebAPI.Handler.LogRequestAndResponseHandler|
2019-08-09 10:57:49.7140|INFO|ToDo.WebAPI.Handler.LogRequestAndResponseHandler|{"username":"tushar","password":"tushar"}
2019-08-09 10:58:03.6566|INFO|ToDo.WebAPI.Handler.LogRequestAndResponseHandler|
2019-08-09 10:58:03.6796|INFO|ToDo.WebAPI.Handler.LogRequestAndResponseHandler|{"username":"tushar","password":"tushar@123"}
2019-08-09 10:58:13.2366|INFO|ToDo.WebAPI.Handler.LogRequestAndResponseHandler|{
  "Tasks": [],
  "ID": 1,
  "UserName": "Tushar",
  "Password": null,
  "Created_At": null,
  "Updated_At": null,
  "FirstName": "Tushar",
  "LastName": "Nath"
}
2019-08-09 11:03:07.0271|INFO|ToDo.WebAPI.Handler.LogRequestAndResponseHandler|
2019-08-09 11:03:07.0521|INFO|ToDo.WebAPI.Handler.LogRequestAndResponseHandler|{"username":"Tushar","password":"Tushar@123"}
2019-08-09 11:03:09.2843|INFO|ToDo.WebAPI.Handler.LogRequestAndResponseHandler|{
  "Tasks": [],
  "ID": 1,
  "UserName": "Tushar",
  "Password": null,
  "Created_At": null,
  "Updated_At": null,
  "FirstName": "Tushar",
  "LastName": "Nath"
}
2019-08-09 11:03:29.4791|INFO|ToDo.WebAPI.Handler.LogRequestAndResponseHandler|
2019-08-09 11:03:29.5041|INFO|ToDo.WebAPI.Handler.LogRequestAndResponseHandler|{"username":"Tushar","password":"Tushar@123"}
2019-08-09 11:06:06.5220|INFO|ToDo.WebAPI.Handler.LogRequestAndResponseHandler|{
  "Tasks": [],
  "ID": 1,
  "UserName": "Tushar",
  "Password": null,
  "Created_At": null,
  "Updated_At": null,
  "FirstName": "Tushar",
  "LastName": "Nath"
}
2019-08-09 11:06:06.5429|INFO|ToDo.WebAPI.Handler.LogRequestAndResponseHandler|
2019-08-09 11:06:06.5762|INFO|ToDo.WebAPI.Handler.LogRequestAndResponseHandler|{"username":"Tushar","password":"Tushar@123"}
2019-08-09 11:06:08.4939|INFO|ToDo.WebAPI.Handler.LogRequestAndResponseHandler|{
  "Tasks": [],
  "ID": 1,
  "UserName": "Tushar",
  "Password": null,
  "Created_At": null,
  "Updated_At": null,
  "FirstName": "Tushar",
  "LastName": "Nath"
}
2019-08-09 11:11:15.5858|INFO|ToDo.WebAPI.Handler.LogRequestAndResponseHandler|
2019-08-09 11:11:15.6665|INFO|ToDo.WebAPI.Handler.LogRequestAndResponseHandler|{"username":"tushar","password":"Tushar@123"}
2019-08-09 11:11:25.3108|INFO|ToDo.WebAPI.Handler.LogRequestAndResponseHandler|{
  "Tasks": [],
  "ID": 1,
  "UserName": "Tushar",
  "Password": null,
  "Created_At": null,
  "Updated_At": null,
  "FirstName": "Tushar",
  "LastName": "Nath"
}
2019-08-09 11:13:37.5422|INFO|ToDo.WebAPI.Handler.LogRequestAndResponseHandler|
2019-08-09 11:13:37.6994|INFO|ToDo.WebAPI.Handler.LogRequestAndResponseHandler|{
  "Message": "An error has occurred.",
  "ExceptionMessage": "The specified policy origin 'http://localhost:4200/' is invalid. It cannot end with a forward slash.",
  "ExceptionType": "System.InvalidOperationException",
  "StackTrace": "   at System.Web.Http.Cors.EnableCorsAttribute.ValidateOrigins(IList`1 origins)\r\n   at System.Web.Http.Cors.EnableCorsAttribute.GetCorsPolicyAsync(HttpRequestMessage request, CancellationToken cancellationToken)\r\n   at System.Web.Http.Cors.CorsMessageHandler.<GetCorsPolicyAsync>d__8.MoveNext()\r\n--- End of stack trace from previous location where exception was thrown ---\r\n   at System.Runtime.CompilerServices.TaskAwaiter.ThrowForNonSuccess(Task task)\r\n   at System.Runtime.CompilerServices.TaskAwaiter.HandleNonSuccessAndDebuggerNotification(Task task)\r\n   at System.Web.Http.Cors.CorsMessageHandler.<HandleCorsPreflightRequestAsync>d__6.MoveNext()\r\n--- End of stack trace from previous location where exception was thrown ---\r\n   at System.Runtime.CompilerServices.TaskAwaiter.ThrowForNonSuccess(Task task)\r\n   at System.Runtime.CompilerServices.TaskAwaiter.HandleNonSuccessAndDebuggerNotification(Task task)\r\n   at System.Web.Http.Cors.CorsMessageHandler.<SendAsync>d__4.MoveNext()"
}
2019-08-09 11:15:49.3076|INFO|ToDo.WebAPI.Handler.LogRequestAndResponseHandler|
2019-08-09 11:15:49.3847|INFO|ToDo.WebAPI.Handler.LogRequestAndResponseHandler|{"username":"tushar","password":"Tushar@123"}
2019-08-09 11:15:52.9656|INFO|ToDo.WebAPI.Handler.LogRequestAndResponseHandler|{
  "Tasks": [],
  "ID": 1,
  "UserName": "Tushar",
  "Password": null,
  "Created_At": null,
  "Updated_At": null,
  "FirstName": "Tushar",
  "LastName": "Nath"
}
2019-08-09 11:17:14.2701|INFO|ToDo.WebAPI.Handler.LogRequestAndResponseHandler|
2019-08-09 11:17:14.3433|INFO|ToDo.WebAPI.Handler.LogRequestAndResponseHandler|{"username":"Tushar","password":"Tushar@123"}
2019-08-09 11:17:16.7872|INFO|ToDo.WebAPI.Handler.LogRequestAndResponseHandler|{
  "Tasks": [],
  "ID": 1,
  "UserName": "Tushar",
  "Password": null,
  "Created_At": null,
  "Updated_At": null,
  "FirstName": "Tushar",
  "LastName": "Nath"
}
2019-08-09 13:48:58.8393|INFO|ToDo.WebAPI.Handler.LogRequestAndResponseHandler|
2019-08-09 13:48:59.2459|INFO|ToDo.WebAPI.Handler.LogRequestAndResponseHandler|{"username":"Tushar","password":"Tushar@123"}
2019-08-09 13:49:05.5186|INFO|ToDo.WebAPI.Handler.LogRequestAndResponseHandler|{
  "Tasks": [],
  "ID": 1,
  "UserName": "Tushar",
  "Password": null,
  "Created_At": null,
  "Updated_At": null,
  "FirstName": "Tushar",
  "LastName": "Nath"
}
2019-08-09 14:34:09.9096|INFO|ToDo.WebAPI.Handler.LogRequestAndResponseHandler|{
	"UserName" : "tushar",
	"Password" : "Tushar@123"
}
2019-08-09 14:34:14.5560|INFO|ToDo.WebAPI.Handler.LogRequestAndResponseHandler|{
  "Tasks": [],
  "ID": 1,
  "UserName": "Tushar",
  "Password": null,
  "Created_At": null,
  "Updated_At": null,
  "FirstName": "Tushar",
  "LastName": "Nath"
}
2019-08-09 14:34:37.9623|INFO|ToDo.WebAPI.Handler.LogRequestAndResponseHandler|{
	"UserName" : "Tushar",
	"Password" : "Tushar@123"
}
2019-08-09 14:34:46.7843|INFO|ToDo.WebAPI.Handler.LogRequestAndResponseHandler|{
  "Tasks": [],
  "ID": 1,
  "UserName": "Tushar",
  "Password": null,
  "Created_At": null,
  "Updated_At": null,
  "FirstName": "Tushar",
  "LastName": "Nath"
}
2019-08-09 14:35:33.6917|INFO|ToDo.WebAPI.Handler.LogRequestAndResponseHandler|{
	"UserName" : "Tushar",
	"Password" : "Tushar@123"
}
2019-08-09 14:35:47.1546|INFO|ToDo.WebAPI.Handler.LogRequestAndResponseHandler|{
  "Tasks": [],
  "ID": 1,
  "UserName": "Tushar",
  "Password": null,
  "Created_At": null,
  "Updated_At": null,
  "FirstName": "Tushar",
  "LastName": "Nath"
}
2019-08-09 14:37:12.2140|INFO|ToDo.WebAPI.Handler.LogRequestAndResponseHandler|{
	"UserName" : "Tushar",
	"Password" : "Tushar@123"
}
2019-08-09 14:38:46.4488|INFO|ToDo.WebAPI.Handler.LogRequestAndResponseHandler|{
  "Tasks": [],
  "ID": 1,
  "UserName": "Tushar",
  "Password": null,
  "Created_At": null,
  "Updated_At": null,
  "FirstName": "Tushar",
  "LastName": "Nath"
}
2019-08-09 14:38:57.7474|INFO|ToDo.WebAPI.Handler.LogRequestAndResponseHandler|{
	"UserName" : "Tushar",
	"Password" : "Tushar@123"
}
2019-08-09 14:39:04.2315|INFO|ToDo.WebAPI.Handler.LogRequestAndResponseHandler|{
  "Tasks": [],
  "ID": 1,
  "UserName": "Tushar",
  "Password": null,
  "Created_At": null,
  "Updated_At": null,
  "FirstName": "Tushar",
  "LastName": "Nath"
}
2019-08-09 14:39:17.4542|INFO|ToDo.WebAPI.Handler.LogRequestAndResponseHandler|{
	"UserName" : "Tushar",
	"Password" : "Tushar@123"
}
2019-08-09 14:39:17.5475|INFO|ToDo.WebAPI.Handler.LogRequestAndResponseHandler|{
  "Tasks": [],
  "ID": 1,
  "UserName": "Tushar",
  "Password": null,
  "Created_At": null,
  "Updated_At": null,
  "FirstName": "Tushar",
  "LastName": "Nath"
}
2019-08-09 14:40:48.0178|INFO|ToDo.WebAPI.Handler.LogRequestAndResponseHandler|{
	"UserName" : "Tushar",
	"Password" : "Tushar@123"
}
2019-08-09 14:40:48.1242|INFO|ToDo.WebAPI.Handler.LogRequestAndResponseHandler|{
  "Tasks": [],
  "ID": 1,
  "UserName": "Tushar",
  "Password": null,
  "Created_At": null,
  "Updated_At": null,
  "FirstName": "Tushar",
  "LastName": "Nath"
}
2019-08-09 14:42:31.4126|INFO|ToDo.WebAPI.Handler.LogRequestAndResponseHandler|{
	"UserName" : "Tushar",
	"Password" : "Tushar@123"
}
2019-08-09 14:42:33.8203|INFO|ToDo.WebAPI.Handler.LogRequestAndResponseHandler|{
  "Tasks": [],
  "ID": 1,
  "UserName": "Tushar",
  "Password": null,
  "Created_At": null,
  "Updated_At": null,
  "FirstName": "Tushar",
  "LastName": "Nath"
}
2019-08-09 14:44:33.8946|INFO|ToDo.WebAPI.Handler.LogRequestAndResponseHandler|{
	"UserName" : "Tushar",
	"Password" : "Tushar@123"
}
2019-08-09 14:50:57.8361|INFO|ToDo.WebAPI.Handler.LogRequestAndResponseHandler|{
	"UserName" : "Tushar",
	"Password" : "Tushar@123"
}
2019-08-09 14:51:00.3500|INFO|ToDo.WebAPI.Handler.LogRequestAndResponseHandler|{
  "Tasks": [],
  "ID": 1,
  "UserName": "Tushar",
  "Password": null,
  "Created_At": null,
  "Updated_At": null,
  "FirstName": "Tushar",
  "LastName": "Nath"
}
2019-08-09 14:51:05.4742|INFO|ToDo.WebAPI.Handler.LogRequestAndResponseHandler|{
	"UserName" : "Tushar",
	"Password" : "Tushar@123"
}
2019-08-09 14:51:05.5872|INFO|ToDo.WebAPI.Handler.LogRequestAndResponseHandler|{
  "Tasks": [],
  "ID": 1,
  "UserName": "Tushar",
  "Password": null,
  "Created_At": null,
  "Updated_At": null,
  "FirstName": "Tushar",
  "LastName": "Nath"
}
2019-08-09 14:51:20.5000|INFO|ToDo.WebAPI.Handler.LogRequestAndResponseHandler|{
	"UserName" : "Tushar",
	"Password" : "Tushar@123"
}
2019-08-09 14:51:20.6178|INFO|ToDo.WebAPI.Handler.LogRequestAndResponseHandler|{
  "Tasks": [],
  "ID": 1,
  "UserName": "Tushar",
  "Password": null,
  "Created_At": null,
  "Updated_At": null,
  "FirstName": "Tushar",
  "LastName": "Nath"
}
2019-08-09 14:52:10.1233|INFO|ToDo.WebAPI.Handler.LogRequestAndResponseHandler|{
	"UserName" : "Tushar",
	"Password" : "Tushar@123"
}
2019-08-09 14:52:10.2439|INFO|ToDo.WebAPI.Handler.LogRequestAndResponseHandler|{
  "Tasks": [],
  "ID": 1,
  "UserName": "Tushar",
  "Password": null,
  "Created_At": null,
  "Updated_At": null,
  "FirstName": "Tushar",
  "LastName": "Nath"
}
2019-08-09 14:54:26.4741|INFO|ToDo.WebAPI.Handler.LogRequestAndResponseHandler|{
	"UserName" : "Tushar",
	"Password" : "Tushar@123"
}
2019-08-09 14:54:28.6601|INFO|ToDo.WebAPI.Handler.LogRequestAndResponseHandler|{
  "Tasks": [],
  "ID": 1,
  "UserName": "Tushar",
  "Password": null,
  "Created_At": null,
  "Updated_At": null,
  "FirstName": "Tushar",
  "LastName": "Nath"
}
2019-08-09 14:54:30.8040|INFO|ToDo.WebAPI.Handler.LogRequestAndResponseHandler|{
	"UserName" : "Tushar",
	"Password" : "Tushar@123"
}
2019-08-09 14:54:30.9127|INFO|ToDo.WebAPI.Handler.LogRequestAndResponseHandler|{
  "Tasks": [],
  "ID": 1,
  "UserName": "Tushar",
  "Password": null,
  "Created_At": null,
  "Updated_At": null,
  "FirstName": "Tushar",
  "LastName": "Nath"
}
2019-08-09 14:58:01.0045|INFO|ToDo.WebAPI.Handler.LogRequestAndResponseHandler|{
	"UserName" : "Tushar",
	"Password" : "Tushar@123"
}
2019-08-09 14:58:03.1642|INFO|ToDo.WebAPI.Handler.LogRequestAndResponseHandler|{
  "Tasks": [],
  "ID": 1,
  "UserName": "Tushar",
  "Password": null,
  "Created_At": null,
  "Updated_At": null,
  "FirstName": "Tushar",
  "LastName": "Nath"
}
2019-08-09 14:58:05.4247|INFO|ToDo.WebAPI.Handler.LogRequestAndResponseHandler|{
	"UserName" : "Tushar",
	"Password" : "Tushar@123"
}
2019-08-09 14:58:05.5314|INFO|ToDo.WebAPI.Handler.LogRequestAndResponseHandler|{
  "Tasks": [],
  "ID": 1,
  "UserName": "Tushar",
  "Password": null,
  "Created_At": null,
  "Updated_At": null,
  "FirstName": "Tushar",
  "LastName": "Nath"
}
2019-08-09 14:58:07.4077|INFO|ToDo.WebAPI.Handler.LogRequestAndResponseHandler|{
	"UserName" : "Tushar",
	"Password" : "Tushar@123"
}
2019-08-09 14:58:07.5131|INFO|ToDo.WebAPI.Handler.LogRequestAndResponseHandler|{
  "Tasks": [],
  "ID": 1,
  "UserName": "Tushar",
  "Password": null,
  "Created_At": null,
  "Updated_At": null,
  "FirstName": "Tushar",
  "LastName": "Nath"
}
2019-08-09 15:00:13.6603|INFO|ToDo.WebAPI.Handler.LogRequestAndResponseHandler|{
	"UserName" : "Tushar",
	"Password" : "Tushar@123"
}
2019-08-09 15:00:17.9193|INFO|ToDo.WebAPI.Handler.LogRequestAndResponseHandler|{
  "Tasks": [],
  "ID": 1,
  "UserName": "Tushar",
  "Password": null,
  "Created_At": null,
  "Updated_At": null,
  "FirstName": "Tushar",
  "LastName": "Nath"
}
2019-08-09 15:00:19.3402|INFO|ToDo.WebAPI.Handler.LogRequestAndResponseHandler|{
	"UserName" : "Tushar",
	"Password" : "Tushar@123"
}
2019-08-09 15:00:19.4089|INFO|ToDo.WebAPI.Handler.LogRequestAndResponseHandler|{
  "Tasks": [],
  "ID": 1,
  "UserName": "Tushar",
  "Password": null,
  "Created_At": null,
  "Updated_At": null,
  "FirstName": "Tushar",
  "LastName": "Nath"
}
2019-08-09 15:00:20.9735|INFO|ToDo.WebAPI.Handler.LogRequestAndResponseHandler|{
	"UserName" : "Tushar",
	"Password" : "Tushar@123"
}
2019-08-09 15:00:21.0504|INFO|ToDo.WebAPI.Handler.LogRequestAndResponseHandler|{
  "Tasks": [],
  "ID": 1,
  "UserName": "Tushar",
  "Password": null,
  "Created_At": null,
  "Updated_At": null,
  "FirstName": "Tushar",
  "LastName": "Nath"
}
2019-08-09 15:00:22.3913|INFO|ToDo.WebAPI.Handler.LogRequestAndResponseHandler|{
	"UserName" : "Tushar",
	"Password" : "Tushar@123"
}
2019-08-09 15:00:22.4570|INFO|ToDo.WebAPI.Handler.LogRequestAndResponseHandler|{
  "Tasks": [],
  "ID": 1,
  "UserName": "Tushar",
  "Password": null,
  "Created_At": null,
  "Updated_At": null,
  "FirstName": "Tushar",
  "LastName": "Nath"
}
2019-08-09 15:00:51.6045|INFO|ToDo.WebAPI.Handler.LogRequestAndResponseHandler|
2019-08-09 15:00:51.7800|INFO|ToDo.WebAPI.Handler.LogRequestAndResponseHandler|{"username":"Tushar","password":"Tushar@123"}
2019-08-09 15:00:51.9033|INFO|ToDo.WebAPI.Handler.LogRequestAndResponseHandler|{
  "Tasks": [],
  "ID": 1,
  "UserName": "Tushar",
  "Password": null,
  "Created_At": null,
  "Updated_At": null,
  "FirstName": "Tushar",
  "LastName": "Nath"
}
2019-08-09 19:25:03.9908|INFO|ToDo.WebAPI.Handler.LogRequestAndResponseHandler|
2019-08-09 19:25:04.7629|INFO|ToDo.WebAPI.Handler.LogRequestAndResponseHandler|{
  "Message": "No HTTP resource was found that matches the request URI 'http://localhost:49992/user/authenticate'.",
  "MessageDetail": "No action was found on the controller 'User' that matches the request."
}
2019-08-09 19:25:58.3333|INFO|ToDo.WebAPI.Handler.LogRequestAndResponseHandler|
2019-08-09 19:25:58.7056|INFO|ToDo.WebAPI.Handler.LogRequestAndResponseHandler|{"username":"Tushar","password":"Tushar@123"}
2019-08-09 19:26:00.8458|INFO|ToDo.WebAPI.Handler.LogRequestAndResponseHandler|{
  "Tasks": [],
  "ID": 1,
  "UserName": "Tushar",
  "Password": null,
  "Created_At": null,
  "Updated_At": null,
  "FirstName": "Tushar",
  "LastName": "Nath"
}
2019-08-09 19:26:31.2967|INFO|ToDo.WebAPI.Handler.LogRequestAndResponseHandler|
2019-08-09 19:26:31.3617|INFO|ToDo.WebAPI.Handler.LogRequestAndResponseHandler|{"username":"Tushar","password":"Tushar@123"}
2019-08-09 19:26:31.4467|INFO|ToDo.WebAPI.Handler.LogRequestAndResponseHandler|{
  "Tasks": [],
  "ID": 1,
  "UserName": "Tushar",
  "Password": null,
  "Created_At": null,
  "Updated_At": null,
  "FirstName": "Tushar",
  "LastName": "Nath"
}
2019-08-09 20:25:39.0779|INFO|ToDo.WebAPI.Handler.LogRequestAndResponseHandler|
2019-08-09 20:25:39.1404|INFO|ToDo.WebAPI.Handler.LogRequestAndResponseHandler|{"username":"Tushar","password":"Tushar"}
2019-08-09 20:25:39.3411|INFO|ToDo.WebAPI.Handler.LogRequestAndResponseHandler|{
  "Message": "An error has occurred.",
  "ExceptionMessage": "Object reference not set to an instance of an object.",
  "ExceptionType": "System.NullReferenceException",
  "StackTrace": "   at ToDo.WebAPI.Controllers.UserController.<Authenticate>d__2.MoveNext() in D:\\Tushar\\EurofinsToDo\\WebAPI\\Solution\\ToDo.WebAPI\\ToDo.WebAPI\\Controllers\\UserController.cs:line 33\r\n--- End of stack trace from previous location where exception was thrown ---\r\n   at System.Runtime.CompilerServices.TaskAwaiter.ThrowForNonSuccess(Task task)\r\n   at System.Runtime.CompilerServices.TaskAwaiter.HandleNonSuccessAndDebuggerNotification(Task task)\r\n   at System.Threading.Tasks.TaskHelpersExtensions.<CastToObject>d__1`1.MoveNext()\r\n--- End of stack trace from previous location where exception was thrown ---\r\n   at System.Runtime.CompilerServices.TaskAwaiter.ThrowForNonSuccess(Task task)\r\n   at System.Runtime.CompilerServices.TaskAwaiter.HandleNonSuccessAndDebuggerNotification(Task task)\r\n   at System.Web.Http.Controllers.ApiControllerActionInvoker.<InvokeActionAsyncCore>d__1.MoveNext()\r\n--- End of stack trace from previous location where exception was thrown ---\r\n   at System.Runtime.CompilerServices.TaskAwaiter.ThrowForNonSuccess(Task task)\r\n   at System.Runtime.CompilerServices.TaskAwaiter.HandleNonSuccessAndDebuggerNotification(Task task)\r\n   at System.Web.Http.Controllers.ActionFilterResult.<ExecuteAsync>d__5.MoveNext()\r\n--- End of stack trace from previous location where exception was thrown ---\r\n   at System.Runtime.CompilerServices.TaskAwaiter.ThrowForNonSuccess(Task task)\r\n   at System.Runtime.CompilerServices.TaskAwaiter.HandleNonSuccessAndDebuggerNotification(Task task)\r\n   at System.Web.Http.Filters.AuthorizationFilterAttribute.<ExecuteAuthorizationFilterAsyncCore>d__3.MoveNext()\r\n--- End of stack trace from previous location where exception was thrown ---\r\n   at System.Runtime.CompilerServices.TaskAwaiter.ThrowForNonSuccess(Task task)\r\n   at System.Runtime.CompilerServices.TaskAwaiter.HandleNonSuccessAndDebuggerNotification(Task task)\r\n   at System.Web.Http.Dispatcher.HttpControllerDispatcher.<SendAsync>d__15.MoveNext()"
}
2019-08-09 20:25:46.4265|INFO|ToDo.WebAPI.Handler.LogRequestAndResponseHandler|
2019-08-09 20:25:46.4750|INFO|ToDo.WebAPI.Handler.LogRequestAndResponseHandler|{"username":"Tushar","password":"Tushar@123"}
2019-08-09 20:25:46.5369|INFO|ToDo.WebAPI.Handler.LogRequestAndResponseHandler|{
  "Tasks": [],
  "ID": 1,
  "UserName": "Tushar",
  "Password": null,
  "Created_At": null,
  "Updated_At": null,
  "FirstName": "Tushar",
  "LastName": "Nath"
}
2019-08-09 20:47:13.9190|INFO|ToDo.WebAPI.Handler.LogRequestAndResponseHandler|
2019-08-09 20:47:13.9469|INFO|ToDo.WebAPI.Handler.LogRequestAndResponseHandler|{"username":"Tushar","password":"Tushar@123"}
2019-08-09 20:47:13.9778|INFO|ToDo.WebAPI.Handler.LogRequestAndResponseHandler|{
  "Tasks": [],
  "ID": 1,
  "UserName": "Tushar",
  "Password": null,
  "Created_At": null,
  "Updated_At": null,
  "FirstName": "Tushar",
  "LastName": "Nath"
}
2019-08-09 20:52:46.9312|INFO|ToDo.WebAPI.Handler.LogRequestAndResponseHandler|
2019-08-09 20:52:46.9551|INFO|ToDo.WebAPI.Handler.LogRequestAndResponseHandler|{"username":"Tushar","password":"Tushar@123"}
2019-08-09 20:52:46.9800|INFO|ToDo.WebAPI.Handler.LogRequestAndResponseHandler|{
  "Tasks": [],
  "ID": 1,
  "UserName": "Tushar",
  "Password": null,
  "Created_At": null,
  "Updated_At": null,
  "FirstName": "Tushar",
  "LastName": "Nath"
}
2019-08-09 21:00:32.8640|INFO|ToDo.WebAPI.Handler.LogRequestAndResponseHandler|
2019-08-09 21:00:32.8880|INFO|ToDo.WebAPI.Handler.LogRequestAndResponseHandler|{"username":"Tushar","password":"Tushar"}
2019-08-09 21:00:32.9299|INFO|ToDo.WebAPI.Handler.LogRequestAndResponseHandler|{
  "Message": "An error has occurred.",
  "ExceptionMessage": "Object reference not set to an instance of an object.",
  "ExceptionType": "System.NullReferenceException",
  "StackTrace": "   at ToDo.WebAPI.Controllers.UserController.<Authenticate>d__2.MoveNext() in D:\\Tushar\\EurofinsToDo\\WebAPI\\Solution\\ToDo.WebAPI\\ToDo.WebAPI\\Controllers\\UserController.cs:line 33\r\n--- End of stack trace from previous location where exception was thrown ---\r\n   at System.Runtime.CompilerServices.TaskAwaiter.ThrowForNonSuccess(Task task)\r\n   at System.Runtime.CompilerServices.TaskAwaiter.HandleNonSuccessAndDebuggerNotification(Task task)\r\n   at System.Threading.Tasks.TaskHelpersExtensions.<CastToObject>d__1`1.MoveNext()\r\n--- End of stack trace from previous location where exception was thrown ---\r\n   at System.Runtime.CompilerServices.TaskAwaiter.ThrowForNonSuccess(Task task)\r\n   at System.Runtime.CompilerServices.TaskAwaiter.HandleNonSuccessAndDebuggerNotification(Task task)\r\n   at System.Web.Http.Controllers.ApiControllerActionInvoker.<InvokeActionAsyncCore>d__1.MoveNext()\r\n--- End of stack trace from previous location where exception was thrown ---\r\n   at System.Runtime.CompilerServices.TaskAwaiter.ThrowForNonSuccess(Task task)\r\n   at System.Runtime.CompilerServices.TaskAwaiter.HandleNonSuccessAndDebuggerNotification(Task task)\r\n   at System.Web.Http.Controllers.ActionFilterResult.<ExecuteAsync>d__5.MoveNext()\r\n--- End of stack trace from previous location where exception was thrown ---\r\n   at System.Runtime.CompilerServices.TaskAwaiter.ThrowForNonSuccess(Task task)\r\n   at System.Runtime.CompilerServices.TaskAwaiter.HandleNonSuccessAndDebuggerNotification(Task task)\r\n   at System.Web.Http.Filters.AuthorizationFilterAttribute.<ExecuteAuthorizationFilterAsyncCore>d__3.MoveNext()\r\n--- End of stack trace from previous location where exception was thrown ---\r\n   at System.Runtime.CompilerServices.TaskAwaiter.ThrowForNonSuccess(Task task)\r\n   at System.Runtime.CompilerServices.TaskAwaiter.HandleNonSuccessAndDebuggerNotification(Task task)\r\n   at System.Web.Http.Dispatcher.HttpControllerDispatcher.<SendAsync>d__15.MoveNext()"
}
2019-08-09 21:00:41.0256|INFO|ToDo.WebAPI.Handler.LogRequestAndResponseHandler|
2019-08-09 21:00:41.0486|INFO|ToDo.WebAPI.Handler.LogRequestAndResponseHandler|{"username":"Tushar","password":"Tushar@123"}
2019-08-09 21:00:41.0705|INFO|ToDo.WebAPI.Handler.LogRequestAndResponseHandler|{
  "Tasks": [],
  "ID": 1,
  "UserName": "Tushar",
  "Password": null,
  "Created_At": null,
  "Updated_At": null,
  "FirstName": "Tushar",
  "LastName": "Nath"
}
